{
  "RSpec": {
    "coverage": {
      "/Users/Vane/turing/4module/goober/app/helpers/application_helper.rb": [
        1,
        null
      ],
      "/Users/Vane/turing/4module/goober/app/models/driver.rb": [
        1,
        1,
        1,
        1,
        1,
        1,
        1,
        1,
        1,
        null,
        1,
        1,
        null,
        1,
        14,
        null,
        null,
        1,
        11,
        null,
        null
      ],
      "/Users/Vane/turing/4module/goober/app/models/ride.rb": [
        1,
        1,
        1,
        null,
        1,
        null,
        1,
        1,
        1,
        null,
        1,
        1,
        null,
        null,
        1,
        9,
        null,
        null,
        1,
        1,
        null,
        null,
        1,
        1,
        null,
        null,
        1,
        2,
        2,
        2,
        2,
        1,
        null,
        2,
        null,
        null
      ],
      "/Users/Vane/turing/4module/goober/app/models/rider.rb": [
        1,
        1,
        1,
        1,
        1,
        1,
        null,
        1,
        1,
        null,
        1,
        7,
        null,
        null,
        1,
        6,
        null,
        null
      ],
      "/Users/Vane/turing/4module/goober/app/controllers/welcome_controller.rb": [
        1,
        1,
        null,
        null
      ],
      "/Users/Vane/turing/4module/goober/app/controllers/application_controller.rb": [
        1,
        null,
        null,
        1,
        null,
        1,
        null,
        1,
        119,
        null,
        null,
        1,
        75,
        null,
        null,
        1,
        8,
        null,
        null
      ],
      "/Users/Vane/turing/4module/goober/app/controllers/driver_sessions_controller.rb": [
        1,
        1,
        null,
        null,
        1,
        7,
        7,
        6,
        6,
        null,
        1,
        1,
        null,
        null,
        null,
        1,
        1,
        1,
        null,
        null
      ],
      "/Users/Vane/turing/4module/goober/app/controllers/drivers_controller.rb": [
        1,
        1,
        null,
        1,
        2,
        null,
        null,
        1,
        2,
        2,
        1,
        1,
        null,
        1,
        1,
        null,
        null,
        null,
        1,
        null,
        1,
        2,
        null,
        null,
        1,
        11,
        null,
        null
      ],
      "/Users/Vane/turing/4module/goober/app/controllers/rides_controller.rb": [
        1,
        1,
        2,
        null,
        null,
        1,
        2,
        2,
        2,
        2,
        1,
        null,
        1,
        1,
        null,
        null,
        null,
        1,
        4,
        4,
        2,
        null,
        1,
        null,
        1,
        null,
        4,
        null,
        null,
        1,
        null,
        1,
        2,
        null,
        null
      ],
      "/Users/Vane/turing/4module/goober/app/controllers/rider_sessions_controller.rb": [
        1,
        1,
        null,
        null,
        1,
        5,
        5,
        4,
        4,
        null,
        1,
        1,
        null,
        null,
        null,
        1,
        1,
        1,
        null,
        null
      ],
      "/Users/Vane/turing/4module/goober/app/controllers/riders_controller.rb": [
        1,
        1,
        null,
        1,
        2,
        null,
        null,
        1,
        2,
        2,
        1,
        1,
        null,
        1,
        1,
        null,
        null,
        null,
        1,
        null,
        1,
        2,
        null,
        null,
        1,
        6,
        null,
        null
      ]
    },
    "timestamp": 1443642821
  }
}
