{
  "RSpec": {
    "coverage": {
      "/Users/Vane/turing/4module/goober/app/helpers/application_helper.rb": [
        1,
        null
      ],
      "/Users/Vane/turing/4module/goober/app/models/driver.rb": [
        1,
        1,
        1,
        1,
        1,
        1,
        1,
        1,
        1,
        null,
        1,
        1,
        null
      ],
      "/Users/Vane/turing/4module/goober/app/models/ride.rb": [
        1,
        1,
        1,
        null,
        1,
        null,
        1,
        1,
        1,
        1,
        1,
        null
      ],
      "/Users/Vane/turing/4module/goober/app/models/rider.rb": [
        1,
        1,
        1,
        1,
        1,
        1,
        null,
        1,
        1,
        null
      ],
      "/Users/Vane/turing/4module/goober/app/controllers/welcome_controller.rb": [
        1,
        1,
        null,
        null
      ],
      "/Users/Vane/turing/4module/goober/app/controllers/application_controller.rb": [
        1,
        null,
        null,
        1,
        null,
        1,
        null,
        1,
        35,
        null,
        null,
        1,
        32,
        null,
        null
      ],
      "/Users/Vane/turing/4module/goober/app/controllers/drivers_controller.rb": [
        1,
        1,
        2,
        null,
        null,
        1,
        2,
        2,
        1,
        1,
        null,
        1,
        1,
        null,
        null,
        null,
        1,
        null,
        1,
        2,
        null,
        null
      ],
      "/Users/Vane/turing/4module/goober/app/controllers/driver_sessions_controller.rb": [
        1,
        1,
        null,
        null,
        1,
        3,
        3,
        2,
        2,
        null,
        1,
        1,
        null,
        null,
        null,
        1,
        1,
        1,
        null,
        null
      ],
      "/Users/Vane/turing/4module/goober/app/controllers/riders_controller.rb": [
        1,
        1,
        2,
        null,
        null,
        1,
        2,
        2,
        1,
        1,
        null,
        1,
        1,
        null,
        null,
        null,
        1,
        null,
        1,
        2,
        null,
        null
      ],
      "/Users/Vane/turing/4module/goober/app/controllers/rider_sessions_controller.rb": [
        1,
        1,
        null,
        null,
        1,
        3,
        3,
        2,
        2,
        null,
        1,
        1,
        null,
        null,
        null,
        1,
        1,
        1,
        null,
        null
      ]
    },
    "timestamp": 1443615237
  }
}
